Sat, 10 Apr 2021 20:20:15 EEST INF C:/Users/runneradmin/go/pkg/mod/github.com/portapps/portapps/v3@v3.1.0/portapps.go:118 > --------
Sat, 10 Apr 2021 20:20:15 EEST INF C:/Users/runneradmin/go/pkg/mod/github.com/portapps/portapps/v3@v3.1.0/portapps.go:119 > Operating System: Windows 10.0.19042
Sat, 10 Apr 2021 20:20:15 EEST INF C:/Users/runneradmin/go/pkg/mod/github.com/portapps/portapps/v3@v3.1.0/portapps.go:120 > Starting Borderless Gaming 9.5.6-3 (portapps 3.1.0)...
Sat, 10 Apr 2021 20:20:15 EEST INF C:/Users/runneradmin/go/pkg/mod/github.com/portapps/portapps/v3@v3.1.0/portapps.go:121 > Release date: 2021/01/03 02:29:31
Sat, 10 Apr 2021 20:20:15 EEST INF C:/Users/runneradmin/go/pkg/mod/github.com/portapps/portapps/v3@v3.1.0/portapps.go:122 > Publisher: CrazyMax (https://github.com/portapps/borderless-gaming-portable)
Sat, 10 Apr 2021 20:20:15 EEST INF C:/Users/runneradmin/go/pkg/mod/github.com/portapps/portapps/v3@v3.1.0/portapps.go:123 > Root path: D:\Programs\Portapps Borderless Gaming
Sat, 10 Apr 2021 20:20:15 EEST INF C:/Users/runneradmin/go/pkg/mod/github.com/portapps/portapps/v3@v3.1.0/portapps.go:127 > Configuration:
common:
  disable_log: false
  args: []
  env: {}
  app_path: ""

Sat, 10 Apr 2021 20:20:15 EEST INF C:/Users/runneradmin/go/pkg/mod/github.com/portapps/portapps/v3@v3.1.0/portapps.go:167 > Process: D:\Programs\Portapps Borderless Gaming\app\BorderlessGaming.exe
Sat, 10 Apr 2021 20:20:15 EEST INF C:/Users/runneradmin/go/pkg/mod/github.com/portapps/portapps/v3@v3.1.0/portapps.go:168 > Args (config file): 
Sat, 10 Apr 2021 20:20:15 EEST INF C:/Users/runneradmin/go/pkg/mod/github.com/portapps/portapps/v3@v3.1.0/portapps.go:169 > Args (cmd line): 
Sat, 10 Apr 2021 20:20:15 EEST INF C:/Users/runneradmin/go/pkg/mod/github.com/portapps/portapps/v3@v3.1.0/portapps.go:170 > Args (hardcoded): 
Sat, 10 Apr 2021 20:20:15 EEST INF C:/Users/runneradmin/go/pkg/mod/github.com/portapps/portapps/v3@v3.1.0/portapps.go:171 > Working dir: D:\Programs\Portapps Borderless Gaming\app
Sat, 10 Apr 2021 20:20:15 EEST INF C:/Users/runneradmin/go/pkg/mod/github.com/portapps/portapps/v3@v3.1.0/portapps.go:172 > App path: D:\Programs\Portapps Borderless Gaming\app
Sat, 10 Apr 2021 20:20:15 EEST INF C:/Users/runneradmin/go/pkg/mod/github.com/portapps/portapps/v3@v3.1.0/portapps.go:173 > Data path: D:\Programs\Portapps Borderless Gaming\data
Sat, 10 Apr 2021 20:20:15 EEST INF C:/Users/runneradmin/go/pkg/mod/github.com/portapps/portapps/v3@v3.1.0/portapps.go:174 > Previous path: 
Sat, 10 Apr 2021 20:20:15 EEST INF C:/Users/runneradmin/go/pkg/mod/github.com/portapps/portapps/v3@v3.1.0/portapps.go:180 > Launching Borderless Gaming
Sat, 10 Apr 2021 20:20:15 EEST INF C:/Users/runneradmin/go/pkg/mod/github.com/portapps/portapps/v3@v3.1.0/portapps.go:190 > Exec D:\Programs\Portapps Borderless Gaming\app\BorderlessGaming.exe 
Sat, 10 Apr 2021 20:20:20 EEST INF C:/Users/runneradmin/go/pkg/mod/github.com/portapps/portapps/v3@v3.1.0/portapps.go:214 > Closing Borderless Gaming
Tue, 15 Mar 2022 22:45:59 EET INF C:/Users/runneradmin/go/pkg/mod/github.com/portapps/portapps/v3@v3.1.0/portapps.go:118 > --------
Tue, 15 Mar 2022 22:45:59 EET INF C:/Users/runneradmin/go/pkg/mod/github.com/portapps/portapps/v3@v3.1.0/portapps.go:119 > Operating System: Windows 10.0.19043
Tue, 15 Mar 2022 22:45:59 EET INF C:/Users/runneradmin/go/pkg/mod/github.com/portapps/portapps/v3@v3.1.0/portapps.go:120 > Starting Borderless Gaming 9.5.6-3 (portapps 3.1.0)...
Tue, 15 Mar 2022 22:45:59 EET INF C:/Users/runneradmin/go/pkg/mod/github.com/portapps/portapps/v3@v3.1.0/portapps.go:121 > Release date: 2021/01/03 02:29:31
Tue, 15 Mar 2022 22:45:59 EET INF C:/Users/runneradmin/go/pkg/mod/github.com/portapps/portapps/v3@v3.1.0/portapps.go:122 > Publisher: CrazyMax (https://github.com/portapps/borderless-gaming-portable)
Tue, 15 Mar 2022 22:45:59 EET INF C:/Users/runneradmin/go/pkg/mod/github.com/portapps/portapps/v3@v3.1.0/portapps.go:123 > Root path: D:\Programs\Portapps Borderless Gaming
Tue, 15 Mar 2022 22:45:59 EET INF C:/Users/runneradmin/go/pkg/mod/github.com/portapps/portapps/v3@v3.1.0/portapps.go:127 > Configuration:
common:
  disable_log: false
  args: []
  env: {}
  app_path: ""

Tue, 15 Mar 2022 22:45:59 EET INF C:/Users/runneradmin/go/pkg/mod/github.com/portapps/portapps/v3@v3.1.0/portapps.go:167 > Process: D:\Programs\Portapps Borderless Gaming\app\BorderlessGaming.exe
Tue, 15 Mar 2022 22:45:59 EET INF C:/Users/runneradmin/go/pkg/mod/github.com/portapps/portapps/v3@v3.1.0/portapps.go:168 > Args (config file): 
Tue, 15 Mar 2022 22:45:59 EET INF C:/Users/runneradmin/go/pkg/mod/github.com/portapps/portapps/v3@v3.1.0/portapps.go:169 > Args (cmd line): 
Tue, 15 Mar 2022 22:45:59 EET INF C:/Users/runneradmin/go/pkg/mod/github.com/portapps/portapps/v3@v3.1.0/portapps.go:170 > Args (hardcoded): 
Tue, 15 Mar 2022 22:45:59 EET INF C:/Users/runneradmin/go/pkg/mod/github.com/portapps/portapps/v3@v3.1.0/portapps.go:171 > Working dir: D:\Programs\Portapps Borderless Gaming\app
Tue, 15 Mar 2022 22:45:59 EET INF C:/Users/runneradmin/go/pkg/mod/github.com/portapps/portapps/v3@v3.1.0/portapps.go:172 > App path: D:\Programs\Portapps Borderless Gaming\app
Tue, 15 Mar 2022 22:45:59 EET INF C:/Users/runneradmin/go/pkg/mod/github.com/portapps/portapps/v3@v3.1.0/portapps.go:173 > Data path: D:\Programs\Portapps Borderless Gaming\data
Tue, 15 Mar 2022 22:45:59 EET INF C:/Users/runneradmin/go/pkg/mod/github.com/portapps/portapps/v3@v3.1.0/portapps.go:174 > Previous path: D:\Programs\Portapps Borderless Gaming
Tue, 15 Mar 2022 22:45:59 EET INF C:/Users/runneradmin/go/pkg/mod/github.com/portapps/portapps/v3@v3.1.0/portapps.go:180 > Launching Borderless Gaming
Tue, 15 Mar 2022 22:45:59 EET INF C:/Users/runneradmin/go/pkg/mod/github.com/portapps/portapps/v3@v3.1.0/portapps.go:190 > Exec D:\Programs\Portapps Borderless Gaming\app\BorderlessGaming.exe 
Tue, 15 Mar 2022 22:46:14 EET INF C:/Users/runneradmin/go/pkg/mod/github.com/portapps/portapps/v3@v3.1.0/portapps.go:118 > --------
Tue, 15 Mar 2022 22:46:14 EET INF C:/Users/runneradmin/go/pkg/mod/github.com/portapps/portapps/v3@v3.1.0/portapps.go:119 > Operating System: Windows 10.0.19043
Tue, 15 Mar 2022 22:46:14 EET INF C:/Users/runneradmin/go/pkg/mod/github.com/portapps/portapps/v3@v3.1.0/portapps.go:120 > Starting Borderless Gaming 9.5.6-3 (portapps 3.1.0)...
Tue, 15 Mar 2022 22:46:14 EET INF C:/Users/runneradmin/go/pkg/mod/github.com/portapps/portapps/v3@v3.1.0/portapps.go:121 > Release date: 2021/01/03 02:29:31
Tue, 15 Mar 2022 22:46:14 EET INF C:/Users/runneradmin/go/pkg/mod/github.com/portapps/portapps/v3@v3.1.0/portapps.go:122 > Publisher: CrazyMax (https://github.com/portapps/borderless-gaming-portable)
Tue, 15 Mar 2022 22:46:14 EET INF C:/Users/runneradmin/go/pkg/mod/github.com/portapps/portapps/v3@v3.1.0/portapps.go:123 > Root path: D:\Programs\Portapps Borderless Gaming
Tue, 15 Mar 2022 22:46:14 EET INF C:/Users/runneradmin/go/pkg/mod/github.com/portapps/portapps/v3@v3.1.0/portapps.go:127 > Configuration:
common:
  disable_log: false
  args: []
  env: {}
  app_path: ""

Tue, 15 Mar 2022 22:46:14 EET INF C:/Users/runneradmin/go/pkg/mod/github.com/portapps/portapps/v3@v3.1.0/portapps.go:167 > Process: D:\Programs\Portapps Borderless Gaming\app\BorderlessGaming.exe
Tue, 15 Mar 2022 22:46:14 EET INF C:/Users/runneradmin/go/pkg/mod/github.com/portapps/portapps/v3@v3.1.0/portapps.go:168 > Args (config file): 
Tue, 15 Mar 2022 22:46:14 EET INF C:/Users/runneradmin/go/pkg/mod/github.com/portapps/portapps/v3@v3.1.0/portapps.go:169 > Args (cmd line): 
Tue, 15 Mar 2022 22:46:14 EET INF C:/Users/runneradmin/go/pkg/mod/github.com/portapps/portapps/v3@v3.1.0/portapps.go:170 > Args (hardcoded): 
Tue, 15 Mar 2022 22:46:14 EET INF C:/Users/runneradmin/go/pkg/mod/github.com/portapps/portapps/v3@v3.1.0/portapps.go:171 > Working dir: D:\Programs\Portapps Borderless Gaming\app
Tue, 15 Mar 2022 22:46:14 EET INF C:/Users/runneradmin/go/pkg/mod/github.com/portapps/portapps/v3@v3.1.0/portapps.go:172 > App path: D:\Programs\Portapps Borderless Gaming\app
Tue, 15 Mar 2022 22:46:14 EET INF C:/Users/runneradmin/go/pkg/mod/github.com/portapps/portapps/v3@v3.1.0/portapps.go:173 > Data path: D:\Programs\Portapps Borderless Gaming\data
Tue, 15 Mar 2022 22:46:14 EET INF C:/Users/runneradmin/go/pkg/mod/github.com/portapps/portapps/v3@v3.1.0/portapps.go:174 > Previous path: D:\Programs\Portapps Borderless Gaming
Tue, 15 Mar 2022 22:46:14 EET INF C:/Users/runneradmin/go/pkg/mod/github.com/portapps/portapps/v3@v3.1.0/portapps.go:180 > Launching Borderless Gaming
Tue, 15 Mar 2022 22:46:14 EET INF C:/Users/runneradmin/go/pkg/mod/github.com/portapps/portapps/v3@v3.1.0/portapps.go:190 > Exec D:\Programs\Portapps Borderless Gaming\app\BorderlessGaming.exe 
Tue, 15 Mar 2022 22:46:18 EET INF C:/Users/runneradmin/go/pkg/mod/github.com/portapps/portapps/v3@v3.1.0/portapps.go:214 > Closing Borderless Gaming
Tue, 15 Mar 2022 22:48:46 EET INF C:/Users/runneradmin/go/pkg/mod/github.com/portapps/portapps/v3@v3.1.0/portapps.go:214 > Closing Borderless Gaming
Thu, 24 Mar 2022 08:04:10 EET INF C:/Users/runneradmin/go/pkg/mod/github.com/portapps/portapps/v3@v3.1.0/portapps.go:118 > --------
Thu, 24 Mar 2022 08:04:10 EET INF C:/Users/runneradmin/go/pkg/mod/github.com/portapps/portapps/v3@v3.1.0/portapps.go:119 > Operating System: Windows 10.0.19043
Thu, 24 Mar 2022 08:04:10 EET INF C:/Users/runneradmin/go/pkg/mod/github.com/portapps/portapps/v3@v3.1.0/portapps.go:120 > Starting Borderless Gaming 9.5.6-3 (portapps 3.1.0)...
Thu, 24 Mar 2022 08:04:10 EET INF C:/Users/runneradmin/go/pkg/mod/github.com/portapps/portapps/v3@v3.1.0/portapps.go:121 > Release date: 2021/01/03 02:29:31
Thu, 24 Mar 2022 08:04:10 EET INF C:/Users/runneradmin/go/pkg/mod/github.com/portapps/portapps/v3@v3.1.0/portapps.go:122 > Publisher: CrazyMax (https://github.com/portapps/borderless-gaming-portable)
Thu, 24 Mar 2022 08:04:10 EET INF C:/Users/runneradmin/go/pkg/mod/github.com/portapps/portapps/v3@v3.1.0/portapps.go:123 > Root path: D:\Programs\Portapps Borderless Gaming
Thu, 24 Mar 2022 08:04:10 EET INF C:/Users/runneradmin/go/pkg/mod/github.com/portapps/portapps/v3@v3.1.0/portapps.go:127 > Configuration:
common:
  disable_log: false
  args: []
  env: {}
  app_path: ""

Thu, 24 Mar 2022 08:04:10 EET INF C:/Users/runneradmin/go/pkg/mod/github.com/portapps/portapps/v3@v3.1.0/portapps.go:167 > Process: D:\Programs\Portapps Borderless Gaming\app\BorderlessGaming.exe
Thu, 24 Mar 2022 08:04:10 EET INF C:/Users/runneradmin/go/pkg/mod/github.com/portapps/portapps/v3@v3.1.0/portapps.go:168 > Args (config file): 
Thu, 24 Mar 2022 08:04:10 EET INF C:/Users/runneradmin/go/pkg/mod/github.com/portapps/portapps/v3@v3.1.0/portapps.go:169 > Args (cmd line): 
Thu, 24 Mar 2022 08:04:10 EET INF C:/Users/runneradmin/go/pkg/mod/github.com/portapps/portapps/v3@v3.1.0/portapps.go:170 > Args (hardcoded): 
Thu, 24 Mar 2022 08:04:10 EET INF C:/Users/runneradmin/go/pkg/mod/github.com/portapps/portapps/v3@v3.1.0/portapps.go:171 > Working dir: D:\Programs\Portapps Borderless Gaming\app
Thu, 24 Mar 2022 08:04:10 EET INF C:/Users/runneradmin/go/pkg/mod/github.com/portapps/portapps/v3@v3.1.0/portapps.go:172 > App path: D:\Programs\Portapps Borderless Gaming\app
Thu, 24 Mar 2022 08:04:10 EET INF C:/Users/runneradmin/go/pkg/mod/github.com/portapps/portapps/v3@v3.1.0/portapps.go:173 > Data path: D:\Programs\Portapps Borderless Gaming\data
Thu, 24 Mar 2022 08:04:10 EET INF C:/Users/runneradmin/go/pkg/mod/github.com/portapps/portapps/v3@v3.1.0/portapps.go:174 > Previous path: D:\Programs\Portapps Borderless Gaming
Thu, 24 Mar 2022 08:04:10 EET INF C:/Users/runneradmin/go/pkg/mod/github.com/portapps/portapps/v3@v3.1.0/portapps.go:180 > Launching Borderless Gaming
Thu, 24 Mar 2022 08:04:10 EET INF C:/Users/runneradmin/go/pkg/mod/github.com/portapps/portapps/v3@v3.1.0/portapps.go:190 > Exec D:\Programs\Portapps Borderless Gaming\app\BorderlessGaming.exe 
Thu, 24 Mar 2022 08:06:17 EET INF C:/Users/runneradmin/go/pkg/mod/github.com/portapps/portapps/v3@v3.1.0/portapps.go:214 > Closing Borderless Gaming
Thu, 31 Mar 2022 08:49:10 EEST INF C:/Users/runneradmin/go/pkg/mod/github.com/portapps/portapps/v3@v3.1.0/portapps.go:118 > --------
Thu, 31 Mar 2022 08:49:10 EEST INF C:/Users/runneradmin/go/pkg/mod/github.com/portapps/portapps/v3@v3.1.0/portapps.go:119 > Operating System: Windows 10.0.19043
Thu, 31 Mar 2022 08:49:10 EEST INF C:/Users/runneradmin/go/pkg/mod/github.com/portapps/portapps/v3@v3.1.0/portapps.go:120 > Starting Borderless Gaming 9.5.6-3 (portapps 3.1.0)...
Thu, 31 Mar 2022 08:49:10 EEST INF C:/Users/runneradmin/go/pkg/mod/github.com/portapps/portapps/v3@v3.1.0/portapps.go:121 > Release date: 2021/01/03 02:29:31
Thu, 31 Mar 2022 08:49:10 EEST INF C:/Users/runneradmin/go/pkg/mod/github.com/portapps/portapps/v3@v3.1.0/portapps.go:122 > Publisher: CrazyMax (https://github.com/portapps/borderless-gaming-portable)
Thu, 31 Mar 2022 08:49:10 EEST INF C:/Users/runneradmin/go/pkg/mod/github.com/portapps/portapps/v3@v3.1.0/portapps.go:123 > Root path: D:\Programs\Portapps Borderless Gaming
Thu, 31 Mar 2022 08:49:10 EEST INF C:/Users/runneradmin/go/pkg/mod/github.com/portapps/portapps/v3@v3.1.0/portapps.go:127 > Configuration:
common:
  disable_log: false
  args: []
  env: {}
  app_path: ""

Thu, 31 Mar 2022 08:49:10 EEST INF C:/Users/runneradmin/go/pkg/mod/github.com/portapps/portapps/v3@v3.1.0/portapps.go:167 > Process: D:\Programs\Portapps Borderless Gaming\app\BorderlessGaming.exe
Thu, 31 Mar 2022 08:49:10 EEST INF C:/Users/runneradmin/go/pkg/mod/github.com/portapps/portapps/v3@v3.1.0/portapps.go:168 > Args (config file): 
Thu, 31 Mar 2022 08:49:10 EEST INF C:/Users/runneradmin/go/pkg/mod/github.com/portapps/portapps/v3@v3.1.0/portapps.go:169 > Args (cmd line): 
Thu, 31 Mar 2022 08:49:10 EEST INF C:/Users/runneradmin/go/pkg/mod/github.com/portapps/portapps/v3@v3.1.0/portapps.go:170 > Args (hardcoded): 
Thu, 31 Mar 2022 08:49:10 EEST INF C:/Users/runneradmin/go/pkg/mod/github.com/portapps/portapps/v3@v3.1.0/portapps.go:171 > Working dir: D:\Programs\Portapps Borderless Gaming\app
Thu, 31 Mar 2022 08:49:10 EEST INF C:/Users/runneradmin/go/pkg/mod/github.com/portapps/portapps/v3@v3.1.0/portapps.go:172 > App path: D:\Programs\Portapps Borderless Gaming\app
Thu, 31 Mar 2022 08:49:10 EEST INF C:/Users/runneradmin/go/pkg/mod/github.com/portapps/portapps/v3@v3.1.0/portapps.go:173 > Data path: D:\Programs\Portapps Borderless Gaming\data
Thu, 31 Mar 2022 08:49:10 EEST INF C:/Users/runneradmin/go/pkg/mod/github.com/portapps/portapps/v3@v3.1.0/portapps.go:174 > Previous path: D:\Programs\Portapps Borderless Gaming
Thu, 31 Mar 2022 08:49:10 EEST INF C:/Users/runneradmin/go/pkg/mod/github.com/portapps/portapps/v3@v3.1.0/portapps.go:180 > Launching Borderless Gaming
Thu, 31 Mar 2022 08:49:10 EEST INF C:/Users/runneradmin/go/pkg/mod/github.com/portapps/portapps/v3@v3.1.0/portapps.go:190 > Exec D:\Programs\Portapps Borderless Gaming\app\BorderlessGaming.exe 
Thu, 31 Mar 2022 08:49:39 EEST INF C:/Users/runneradmin/go/pkg/mod/github.com/portapps/portapps/v3@v3.1.0/portapps.go:214 > Closing Borderless Gaming
Fri, 22 Apr 2022 18:14:58 EEST INF C:/Users/runneradmin/go/pkg/mod/github.com/portapps/portapps/v3@v3.1.0/portapps.go:118 > --------
Fri, 22 Apr 2022 18:14:58 EEST INF C:/Users/runneradmin/go/pkg/mod/github.com/portapps/portapps/v3@v3.1.0/portapps.go:119 > Operating System: Windows 10.0.19043
Fri, 22 Apr 2022 18:14:58 EEST INF C:/Users/runneradmin/go/pkg/mod/github.com/portapps/portapps/v3@v3.1.0/portapps.go:120 > Starting Borderless Gaming 9.5.6-3 (portapps 3.1.0)...
Fri, 22 Apr 2022 18:14:58 EEST INF C:/Users/runneradmin/go/pkg/mod/github.com/portapps/portapps/v3@v3.1.0/portapps.go:121 > Release date: 2021/01/03 02:29:31
Fri, 22 Apr 2022 18:14:58 EEST INF C:/Users/runneradmin/go/pkg/mod/github.com/portapps/portapps/v3@v3.1.0/portapps.go:122 > Publisher: CrazyMax (https://github.com/portapps/borderless-gaming-portable)
Fri, 22 Apr 2022 18:14:58 EEST INF C:/Users/runneradmin/go/pkg/mod/github.com/portapps/portapps/v3@v3.1.0/portapps.go:123 > Root path: D:\Programs\Portapps Borderless Gaming
Fri, 22 Apr 2022 18:14:58 EEST INF C:/Users/runneradmin/go/pkg/mod/github.com/portapps/portapps/v3@v3.1.0/portapps.go:127 > Configuration:
common:
  disable_log: false
  args: []
  env: {}
  app_path: ""

Fri, 22 Apr 2022 18:14:58 EEST INF C:/Users/runneradmin/go/pkg/mod/github.com/portapps/portapps/v3@v3.1.0/portapps.go:167 > Process: D:\Programs\Portapps Borderless Gaming\app\BorderlessGaming.exe
Fri, 22 Apr 2022 18:14:58 EEST INF C:/Users/runneradmin/go/pkg/mod/github.com/portapps/portapps/v3@v3.1.0/portapps.go:168 > Args (config file): 
Fri, 22 Apr 2022 18:14:58 EEST INF C:/Users/runneradmin/go/pkg/mod/github.com/portapps/portapps/v3@v3.1.0/portapps.go:169 > Args (cmd line): 
Fri, 22 Apr 2022 18:14:58 EEST INF C:/Users/runneradmin/go/pkg/mod/github.com/portapps/portapps/v3@v3.1.0/portapps.go:170 > Args (hardcoded): 
Fri, 22 Apr 2022 18:14:58 EEST INF C:/Users/runneradmin/go/pkg/mod/github.com/portapps/portapps/v3@v3.1.0/portapps.go:171 > Working dir: D:\Programs\Portapps Borderless Gaming\app
Fri, 22 Apr 2022 18:14:58 EEST INF C:/Users/runneradmin/go/pkg/mod/github.com/portapps/portapps/v3@v3.1.0/portapps.go:172 > App path: D:\Programs\Portapps Borderless Gaming\app
Fri, 22 Apr 2022 18:14:58 EEST INF C:/Users/runneradmin/go/pkg/mod/github.com/portapps/portapps/v3@v3.1.0/portapps.go:173 > Data path: D:\Programs\Portapps Borderless Gaming\data
Fri, 22 Apr 2022 18:14:58 EEST INF C:/Users/runneradmin/go/pkg/mod/github.com/portapps/portapps/v3@v3.1.0/portapps.go:174 > Previous path: D:\Programs\Portapps Borderless Gaming
Fri, 22 Apr 2022 18:14:58 EEST INF C:/Users/runneradmin/go/pkg/mod/github.com/portapps/portapps/v3@v3.1.0/portapps.go:180 > Launching Borderless Gaming
Fri, 22 Apr 2022 18:14:58 EEST INF C:/Users/runneradmin/go/pkg/mod/github.com/portapps/portapps/v3@v3.1.0/portapps.go:190 > Exec D:\Programs\Portapps Borderless Gaming\app\BorderlessGaming.exe 
Fri, 22 Apr 2022 18:15:41 EEST INF C:/Users/runneradmin/go/pkg/mod/github.com/portapps/portapps/v3@v3.1.0/portapps.go:214 > Closing Borderless Gaming
Fri, 22 Apr 2022 18:19:44 EEST INF C:/Users/runneradmin/go/pkg/mod/github.com/portapps/portapps/v3@v3.1.0/portapps.go:118 > --------
Fri, 22 Apr 2022 18:19:44 EEST INF C:/Users/runneradmin/go/pkg/mod/github.com/portapps/portapps/v3@v3.1.0/portapps.go:119 > Operating System: Windows 10.0.19043
Fri, 22 Apr 2022 18:19:44 EEST INF C:/Users/runneradmin/go/pkg/mod/github.com/portapps/portapps/v3@v3.1.0/portapps.go:120 > Starting Borderless Gaming 9.5.6-3 (portapps 3.1.0)...
Fri, 22 Apr 2022 18:19:44 EEST INF C:/Users/runneradmin/go/pkg/mod/github.com/portapps/portapps/v3@v3.1.0/portapps.go:121 > Release date: 2021/01/03 02:29:31
Fri, 22 Apr 2022 18:19:44 EEST INF C:/Users/runneradmin/go/pkg/mod/github.com/portapps/portapps/v3@v3.1.0/portapps.go:122 > Publisher: CrazyMax (https://github.com/portapps/borderless-gaming-portable)
Fri, 22 Apr 2022 18:19:44 EEST INF C:/Users/runneradmin/go/pkg/mod/github.com/portapps/portapps/v3@v3.1.0/portapps.go:123 > Root path: D:\Programs\Portapps Borderless Gaming
Fri, 22 Apr 2022 18:19:44 EEST INF C:/Users/runneradmin/go/pkg/mod/github.com/portapps/portapps/v3@v3.1.0/portapps.go:127 > Configuration:
common:
  disable_log: false
  args: []
  env: {}
  app_path: ""

Fri, 22 Apr 2022 18:19:44 EEST INF C:/Users/runneradmin/go/pkg/mod/github.com/portapps/portapps/v3@v3.1.0/portapps.go:167 > Process: D:\Programs\Portapps Borderless Gaming\app\BorderlessGaming.exe
Fri, 22 Apr 2022 18:19:44 EEST INF C:/Users/runneradmin/go/pkg/mod/github.com/portapps/portapps/v3@v3.1.0/portapps.go:168 > Args (config file): 
Fri, 22 Apr 2022 18:19:44 EEST INF C:/Users/runneradmin/go/pkg/mod/github.com/portapps/portapps/v3@v3.1.0/portapps.go:169 > Args (cmd line): 
Fri, 22 Apr 2022 18:19:44 EEST INF C:/Users/runneradmin/go/pkg/mod/github.com/portapps/portapps/v3@v3.1.0/portapps.go:170 > Args (hardcoded): 
Fri, 22 Apr 2022 18:19:44 EEST INF C:/Users/runneradmin/go/pkg/mod/github.com/portapps/portapps/v3@v3.1.0/portapps.go:171 > Working dir: D:\Programs\Portapps Borderless Gaming\app
Fri, 22 Apr 2022 18:19:44 EEST INF C:/Users/runneradmin/go/pkg/mod/github.com/portapps/portapps/v3@v3.1.0/portapps.go:172 > App path: D:\Programs\Portapps Borderless Gaming\app
Fri, 22 Apr 2022 18:19:44 EEST INF C:/Users/runneradmin/go/pkg/mod/github.com/portapps/portapps/v3@v3.1.0/portapps.go:173 > Data path: D:\Programs\Portapps Borderless Gaming\data
Fri, 22 Apr 2022 18:19:44 EEST INF C:/Users/runneradmin/go/pkg/mod/github.com/portapps/portapps/v3@v3.1.0/portapps.go:174 > Previous path: D:\Programs\Portapps Borderless Gaming
Fri, 22 Apr 2022 18:19:44 EEST INF C:/Users/runneradmin/go/pkg/mod/github.com/portapps/portapps/v3@v3.1.0/portapps.go:180 > Launching Borderless Gaming
Fri, 22 Apr 2022 18:19:44 EEST INF C:/Users/runneradmin/go/pkg/mod/github.com/portapps/portapps/v3@v3.1.0/portapps.go:190 > Exec D:\Programs\Portapps Borderless Gaming\app\BorderlessGaming.exe 
Fri, 22 Apr 2022 18:21:46 EEST INF C:/Users/runneradmin/go/pkg/mod/github.com/portapps/portapps/v3@v3.1.0/portapps.go:214 > Closing Borderless Gaming
Mon, 16 May 2022 09:18:49 EEST INF C:/Users/runneradmin/go/pkg/mod/github.com/portapps/portapps/v3@v3.1.0/portapps.go:118 > --------
Mon, 16 May 2022 09:18:49 EEST INF C:/Users/runneradmin/go/pkg/mod/github.com/portapps/portapps/v3@v3.1.0/portapps.go:119 > Operating System: Windows 10.0.19043
Mon, 16 May 2022 09:18:49 EEST INF C:/Users/runneradmin/go/pkg/mod/github.com/portapps/portapps/v3@v3.1.0/portapps.go:120 > Starting Borderless Gaming 9.5.6-3 (portapps 3.1.0)...
Mon, 16 May 2022 09:18:49 EEST INF C:/Users/runneradmin/go/pkg/mod/github.com/portapps/portapps/v3@v3.1.0/portapps.go:121 > Release date: 2021/01/03 02:29:31
Mon, 16 May 2022 09:18:49 EEST INF C:/Users/runneradmin/go/pkg/mod/github.com/portapps/portapps/v3@v3.1.0/portapps.go:122 > Publisher: CrazyMax (https://github.com/portapps/borderless-gaming-portable)
Mon, 16 May 2022 09:18:49 EEST INF C:/Users/runneradmin/go/pkg/mod/github.com/portapps/portapps/v3@v3.1.0/portapps.go:123 > Root path: D:\Programs\Portapps Borderless Gaming
Mon, 16 May 2022 09:18:49 EEST INF C:/Users/runneradmin/go/pkg/mod/github.com/portapps/portapps/v3@v3.1.0/portapps.go:127 > Configuration:
common:
  disable_log: false
  args: []
  env: {}
  app_path: ""

Mon, 16 May 2022 09:18:49 EEST INF C:/Users/runneradmin/go/pkg/mod/github.com/portapps/portapps/v3@v3.1.0/portapps.go:167 > Process: D:\Programs\Portapps Borderless Gaming\app\BorderlessGaming.exe
Mon, 16 May 2022 09:18:49 EEST INF C:/Users/runneradmin/go/pkg/mod/github.com/portapps/portapps/v3@v3.1.0/portapps.go:168 > Args (config file): 
Mon, 16 May 2022 09:18:49 EEST INF C:/Users/runneradmin/go/pkg/mod/github.com/portapps/portapps/v3@v3.1.0/portapps.go:169 > Args (cmd line): 
Mon, 16 May 2022 09:18:49 EEST INF C:/Users/runneradmin/go/pkg/mod/github.com/portapps/portapps/v3@v3.1.0/portapps.go:170 > Args (hardcoded): 
Mon, 16 May 2022 09:18:49 EEST INF C:/Users/runneradmin/go/pkg/mod/github.com/portapps/portapps/v3@v3.1.0/portapps.go:171 > Working dir: D:\Programs\Portapps Borderless Gaming\app
Mon, 16 May 2022 09:18:49 EEST INF C:/Users/runneradmin/go/pkg/mod/github.com/portapps/portapps/v3@v3.1.0/portapps.go:172 > App path: D:\Programs\Portapps Borderless Gaming\app
Mon, 16 May 2022 09:18:49 EEST INF C:/Users/runneradmin/go/pkg/mod/github.com/portapps/portapps/v3@v3.1.0/portapps.go:173 > Data path: D:\Programs\Portapps Borderless Gaming\data
Mon, 16 May 2022 09:18:49 EEST INF C:/Users/runneradmin/go/pkg/mod/github.com/portapps/portapps/v3@v3.1.0/portapps.go:174 > Previous path: D:\Programs\Portapps Borderless Gaming
Mon, 16 May 2022 09:18:49 EEST INF C:/Users/runneradmin/go/pkg/mod/github.com/portapps/portapps/v3@v3.1.0/portapps.go:180 > Launching Borderless Gaming
Mon, 16 May 2022 09:18:49 EEST INF C:/Users/runneradmin/go/pkg/mod/github.com/portapps/portapps/v3@v3.1.0/portapps.go:190 > Exec D:\Programs\Portapps Borderless Gaming\app\BorderlessGaming.exe 
Mon, 16 May 2022 09:18:51 EEST INF C:/Users/runneradmin/go/pkg/mod/github.com/portapps/portapps/v3@v3.1.0/portapps.go:214 > Closing Borderless Gaming
Sat, 09 Jul 2022 12:12:59 EEST INF C:/Users/runneradmin/go/pkg/mod/github.com/portapps/portapps/v3@v3.1.0/portapps.go:118 > --------
Sat, 09 Jul 2022 12:12:59 EEST INF C:/Users/runneradmin/go/pkg/mod/github.com/portapps/portapps/v3@v3.1.0/portapps.go:119 > Operating System: Windows 10.0.22000
Sat, 09 Jul 2022 12:12:59 EEST INF C:/Users/runneradmin/go/pkg/mod/github.com/portapps/portapps/v3@v3.1.0/portapps.go:120 > Starting Borderless Gaming 9.5.6-3 (portapps 3.1.0)...
Sat, 09 Jul 2022 12:12:59 EEST INF C:/Users/runneradmin/go/pkg/mod/github.com/portapps/portapps/v3@v3.1.0/portapps.go:121 > Release date: 2021/01/03 02:29:31
Sat, 09 Jul 2022 12:12:59 EEST INF C:/Users/runneradmin/go/pkg/mod/github.com/portapps/portapps/v3@v3.1.0/portapps.go:122 > Publisher: CrazyMax (https://github.com/portapps/borderless-gaming-portable)
Sat, 09 Jul 2022 12:12:59 EEST INF C:/Users/runneradmin/go/pkg/mod/github.com/portapps/portapps/v3@v3.1.0/portapps.go:123 > Root path: D:\Programs\Portapps Borderless Gaming
Sat, 09 Jul 2022 12:12:59 EEST INF C:/Users/runneradmin/go/pkg/mod/github.com/portapps/portapps/v3@v3.1.0/portapps.go:127 > Configuration:
common:
  disable_log: false
  args: []
  env: {}
  app_path: ""

Sat, 09 Jul 2022 12:12:59 EEST INF C:/Users/runneradmin/go/pkg/mod/github.com/portapps/portapps/v3@v3.1.0/portapps.go:167 > Process: D:\Programs\Portapps Borderless Gaming\app\BorderlessGaming.exe
Sat, 09 Jul 2022 12:12:59 EEST INF C:/Users/runneradmin/go/pkg/mod/github.com/portapps/portapps/v3@v3.1.0/portapps.go:168 > Args (config file): 
Sat, 09 Jul 2022 12:12:59 EEST INF C:/Users/runneradmin/go/pkg/mod/github.com/portapps/portapps/v3@v3.1.0/portapps.go:169 > Args (cmd line): 
Sat, 09 Jul 2022 12:12:59 EEST INF C:/Users/runneradmin/go/pkg/mod/github.com/portapps/portapps/v3@v3.1.0/portapps.go:170 > Args (hardcoded): 
Sat, 09 Jul 2022 12:12:59 EEST INF C:/Users/runneradmin/go/pkg/mod/github.com/portapps/portapps/v3@v3.1.0/portapps.go:171 > Working dir: D:\Programs\Portapps Borderless Gaming\app
Sat, 09 Jul 2022 12:12:59 EEST INF C:/Users/runneradmin/go/pkg/mod/github.com/portapps/portapps/v3@v3.1.0/portapps.go:172 > App path: D:\Programs\Portapps Borderless Gaming\app
Sat, 09 Jul 2022 12:12:59 EEST INF C:/Users/runneradmin/go/pkg/mod/github.com/portapps/portapps/v3@v3.1.0/portapps.go:173 > Data path: D:\Programs\Portapps Borderless Gaming\data
Sat, 09 Jul 2022 12:12:59 EEST INF C:/Users/runneradmin/go/pkg/mod/github.com/portapps/portapps/v3@v3.1.0/portapps.go:174 > Previous path: D:\Programs\Portapps Borderless Gaming
Sat, 09 Jul 2022 12:12:59 EEST INF C:/Users/runneradmin/go/pkg/mod/github.com/portapps/portapps/v3@v3.1.0/portapps.go:180 > Launching Borderless Gaming
Sat, 09 Jul 2022 12:12:59 EEST INF C:/Users/runneradmin/go/pkg/mod/github.com/portapps/portapps/v3@v3.1.0/portapps.go:190 > Exec D:\Programs\Portapps Borderless Gaming\app\BorderlessGaming.exe 
Sat, 09 Jul 2022 12:15:26 EEST INF C:/Users/runneradmin/go/pkg/mod/github.com/portapps/portapps/v3@v3.1.0/portapps.go:214 > Closing Borderless Gaming
Sat, 09 Jul 2022 12:15:43 EEST INF C:/Users/runneradmin/go/pkg/mod/github.com/portapps/portapps/v3@v3.1.0/portapps.go:118 > --------
Sat, 09 Jul 2022 12:15:44 EEST INF C:/Users/runneradmin/go/pkg/mod/github.com/portapps/portapps/v3@v3.1.0/portapps.go:119 > Operating System: Windows 10.0.22000
Sat, 09 Jul 2022 12:15:44 EEST INF C:/Users/runneradmin/go/pkg/mod/github.com/portapps/portapps/v3@v3.1.0/portapps.go:120 > Starting Borderless Gaming 9.5.6-3 (portapps 3.1.0)...
Sat, 09 Jul 2022 12:15:44 EEST INF C:/Users/runneradmin/go/pkg/mod/github.com/portapps/portapps/v3@v3.1.0/portapps.go:121 > Release date: 2021/01/03 02:29:31
Sat, 09 Jul 2022 12:15:44 EEST INF C:/Users/runneradmin/go/pkg/mod/github.com/portapps/portapps/v3@v3.1.0/portapps.go:122 > Publisher: CrazyMax (https://github.com/portapps/borderless-gaming-portable)
Sat, 09 Jul 2022 12:15:44 EEST INF C:/Users/runneradmin/go/pkg/mod/github.com/portapps/portapps/v3@v3.1.0/portapps.go:123 > Root path: D:\Programs\Portapps Borderless Gaming
Sat, 09 Jul 2022 12:15:44 EEST INF C:/Users/runneradmin/go/pkg/mod/github.com/portapps/portapps/v3@v3.1.0/portapps.go:127 > Configuration:
common:
  disable_log: false
  args: []
  env: {}
  app_path: ""

Sat, 09 Jul 2022 12:15:44 EEST INF C:/Users/runneradmin/go/pkg/mod/github.com/portapps/portapps/v3@v3.1.0/portapps.go:167 > Process: D:\Programs\Portapps Borderless Gaming\app\BorderlessGaming.exe
Sat, 09 Jul 2022 12:15:44 EEST INF C:/Users/runneradmin/go/pkg/mod/github.com/portapps/portapps/v3@v3.1.0/portapps.go:168 > Args (config file): 
Sat, 09 Jul 2022 12:15:44 EEST INF C:/Users/runneradmin/go/pkg/mod/github.com/portapps/portapps/v3@v3.1.0/portapps.go:169 > Args (cmd line): 
Sat, 09 Jul 2022 12:15:44 EEST INF C:/Users/runneradmin/go/pkg/mod/github.com/portapps/portapps/v3@v3.1.0/portapps.go:170 > Args (hardcoded): 
Sat, 09 Jul 2022 12:15:44 EEST INF C:/Users/runneradmin/go/pkg/mod/github.com/portapps/portapps/v3@v3.1.0/portapps.go:171 > Working dir: D:\Programs\Portapps Borderless Gaming\app
Sat, 09 Jul 2022 12:15:44 EEST INF C:/Users/runneradmin/go/pkg/mod/github.com/portapps/portapps/v3@v3.1.0/portapps.go:172 > App path: D:\Programs\Portapps Borderless Gaming\app
Sat, 09 Jul 2022 12:15:44 EEST INF C:/Users/runneradmin/go/pkg/mod/github.com/portapps/portapps/v3@v3.1.0/portapps.go:173 > Data path: D:\Programs\Portapps Borderless Gaming\data
Sat, 09 Jul 2022 12:15:44 EEST INF C:/Users/runneradmin/go/pkg/mod/github.com/portapps/portapps/v3@v3.1.0/portapps.go:174 > Previous path: D:\Programs\Portapps Borderless Gaming
Sat, 09 Jul 2022 12:15:44 EEST INF C:/Users/runneradmin/go/pkg/mod/github.com/portapps/portapps/v3@v3.1.0/portapps.go:180 > Launching Borderless Gaming
Sat, 09 Jul 2022 12:15:44 EEST INF C:/Users/runneradmin/go/pkg/mod/github.com/portapps/portapps/v3@v3.1.0/portapps.go:190 > Exec D:\Programs\Portapps Borderless Gaming\app\BorderlessGaming.exe 
Sat, 09 Jul 2022 15:05:13 EEST INF C:/Users/runneradmin/go/pkg/mod/github.com/portapps/portapps/v3@v3.1.0/portapps.go:214 > Closing Borderless Gaming
Fri, 15 Jul 2022 17:03:53 EEST INF C:/Users/runneradmin/go/pkg/mod/github.com/portapps/portapps/v3@v3.1.0/portapps.go:118 > --------
Fri, 15 Jul 2022 17:03:53 EEST INF C:/Users/runneradmin/go/pkg/mod/github.com/portapps/portapps/v3@v3.1.0/portapps.go:119 > Operating System: Windows 10.0.22000
Fri, 15 Jul 2022 17:03:53 EEST INF C:/Users/runneradmin/go/pkg/mod/github.com/portapps/portapps/v3@v3.1.0/portapps.go:120 > Starting Borderless Gaming 9.5.6-3 (portapps 3.1.0)...
Fri, 15 Jul 2022 17:03:53 EEST INF C:/Users/runneradmin/go/pkg/mod/github.com/portapps/portapps/v3@v3.1.0/portapps.go:121 > Release date: 2021/01/03 02:29:31
Fri, 15 Jul 2022 17:03:53 EEST INF C:/Users/runneradmin/go/pkg/mod/github.com/portapps/portapps/v3@v3.1.0/portapps.go:122 > Publisher: CrazyMax (https://github.com/portapps/borderless-gaming-portable)
Fri, 15 Jul 2022 17:03:53 EEST INF C:/Users/runneradmin/go/pkg/mod/github.com/portapps/portapps/v3@v3.1.0/portapps.go:123 > Root path: D:\Programs\Portapps Borderless Gaming
Fri, 15 Jul 2022 17:03:53 EEST INF C:/Users/runneradmin/go/pkg/mod/github.com/portapps/portapps/v3@v3.1.0/portapps.go:127 > Configuration:
common:
  disable_log: false
  args: []
  env: {}
  app_path: ""

Fri, 15 Jul 2022 17:03:53 EEST INF C:/Users/runneradmin/go/pkg/mod/github.com/portapps/portapps/v3@v3.1.0/portapps.go:167 > Process: D:\Programs\Portapps Borderless Gaming\app\BorderlessGaming.exe
Fri, 15 Jul 2022 17:03:53 EEST INF C:/Users/runneradmin/go/pkg/mod/github.com/portapps/portapps/v3@v3.1.0/portapps.go:168 > Args (config file): 
Fri, 15 Jul 2022 17:03:53 EEST INF C:/Users/runneradmin/go/pkg/mod/github.com/portapps/portapps/v3@v3.1.0/portapps.go:169 > Args (cmd line): 
Fri, 15 Jul 2022 17:03:53 EEST INF C:/Users/runneradmin/go/pkg/mod/github.com/portapps/portapps/v3@v3.1.0/portapps.go:170 > Args (hardcoded): 
Fri, 15 Jul 2022 17:03:53 EEST INF C:/Users/runneradmin/go/pkg/mod/github.com/portapps/portapps/v3@v3.1.0/portapps.go:171 > Working dir: D:\Programs\Portapps Borderless Gaming\app
Fri, 15 Jul 2022 17:03:53 EEST INF C:/Users/runneradmin/go/pkg/mod/github.com/portapps/portapps/v3@v3.1.0/portapps.go:172 > App path: D:\Programs\Portapps Borderless Gaming\app
Fri, 15 Jul 2022 17:03:53 EEST INF C:/Users/runneradmin/go/pkg/mod/github.com/portapps/portapps/v3@v3.1.0/portapps.go:173 > Data path: D:\Programs\Portapps Borderless Gaming\data
Fri, 15 Jul 2022 17:03:53 EEST INF C:/Users/runneradmin/go/pkg/mod/github.com/portapps/portapps/v3@v3.1.0/portapps.go:174 > Previous path: D:\Programs\Portapps Borderless Gaming
Fri, 15 Jul 2022 17:03:53 EEST INF C:/Users/runneradmin/go/pkg/mod/github.com/portapps/portapps/v3@v3.1.0/portapps.go:180 > Launching Borderless Gaming
Fri, 15 Jul 2022 17:03:53 EEST INF C:/Users/runneradmin/go/pkg/mod/github.com/portapps/portapps/v3@v3.1.0/portapps.go:190 > Exec D:\Programs\Portapps Borderless Gaming\app\BorderlessGaming.exe 
Fri, 15 Jul 2022 17:05:21 EEST INF C:/Users/runneradmin/go/pkg/mod/github.com/portapps/portapps/v3@v3.1.0/portapps.go:214 > Closing Borderless Gaming
Fri, 15 Jul 2022 22:00:08 EEST INF C:/Users/runneradmin/go/pkg/mod/github.com/portapps/portapps/v3@v3.1.0/portapps.go:118 > --------
Fri, 15 Jul 2022 22:00:08 EEST INF C:/Users/runneradmin/go/pkg/mod/github.com/portapps/portapps/v3@v3.1.0/portapps.go:119 > Operating System: Windows 10.0.22000
Fri, 15 Jul 2022 22:00:08 EEST INF C:/Users/runneradmin/go/pkg/mod/github.com/portapps/portapps/v3@v3.1.0/portapps.go:120 > Starting Borderless Gaming 9.5.6-3 (portapps 3.1.0)...
Fri, 15 Jul 2022 22:00:08 EEST INF C:/Users/runneradmin/go/pkg/mod/github.com/portapps/portapps/v3@v3.1.0/portapps.go:121 > Release date: 2021/01/03 02:29:31
Fri, 15 Jul 2022 22:00:08 EEST INF C:/Users/runneradmin/go/pkg/mod/github.com/portapps/portapps/v3@v3.1.0/portapps.go:122 > Publisher: CrazyMax (https://github.com/portapps/borderless-gaming-portable)
Fri, 15 Jul 2022 22:00:08 EEST INF C:/Users/runneradmin/go/pkg/mod/github.com/portapps/portapps/v3@v3.1.0/portapps.go:123 > Root path: D:\Games\LF2\LF2 3.0\--FULLSCREEN
Fri, 15 Jul 2022 22:00:08 EEST INF C:/Users/runneradmin/go/pkg/mod/github.com/portapps/portapps/v3@v3.1.0/portapps.go:127 > Configuration:
common:
  disable_log: false
  args: []
  env: {}
  app_path: ""

Fri, 15 Jul 2022 22:00:08 EEST INF C:/Users/runneradmin/go/pkg/mod/github.com/portapps/portapps/v3@v3.1.0/portapps.go:167 > Process: D:\Games\LF2\LF2 3.0\--FULLSCREEN\app\BorderlessGaming.exe
Fri, 15 Jul 2022 22:00:08 EEST INF C:/Users/runneradmin/go/pkg/mod/github.com/portapps/portapps/v3@v3.1.0/portapps.go:168 > Args (config file): 
Fri, 15 Jul 2022 22:00:08 EEST INF C:/Users/runneradmin/go/pkg/mod/github.com/portapps/portapps/v3@v3.1.0/portapps.go:169 > Args (cmd line): 
Fri, 15 Jul 2022 22:00:08 EEST INF C:/Users/runneradmin/go/pkg/mod/github.com/portapps/portapps/v3@v3.1.0/portapps.go:170 > Args (hardcoded): 
Fri, 15 Jul 2022 22:00:08 EEST INF C:/Users/runneradmin/go/pkg/mod/github.com/portapps/portapps/v3@v3.1.0/portapps.go:171 > Working dir: D:\Games\LF2\LF2 3.0\--FULLSCREEN\app
Fri, 15 Jul 2022 22:00:08 EEST INF C:/Users/runneradmin/go/pkg/mod/github.com/portapps/portapps/v3@v3.1.0/portapps.go:172 > App path: D:\Games\LF2\LF2 3.0\--FULLSCREEN\app
Fri, 15 Jul 2022 22:00:08 EEST INF C:/Users/runneradmin/go/pkg/mod/github.com/portapps/portapps/v3@v3.1.0/portapps.go:173 > Data path: D:\Games\LF2\LF2 3.0\--FULLSCREEN\data
Fri, 15 Jul 2022 22:00:08 EEST INF C:/Users/runneradmin/go/pkg/mod/github.com/portapps/portapps/v3@v3.1.0/portapps.go:174 > Previous path: D:\Programs\Portapps Borderless Gaming
Fri, 15 Jul 2022 22:00:08 EEST INF C:/Users/runneradmin/go/pkg/mod/github.com/portapps/portapps/v3@v3.1.0/portapps.go:180 > Launching Borderless Gaming
Fri, 15 Jul 2022 22:00:08 EEST INF C:/Users/runneradmin/go/pkg/mod/github.com/portapps/portapps/v3@v3.1.0/portapps.go:190 > Exec D:\Games\LF2\LF2 3.0\--FULLSCREEN\app\BorderlessGaming.exe 
Fri, 15 Jul 2022 22:08:33 EEST INF C:/Users/runneradmin/go/pkg/mod/github.com/portapps/portapps/v3@v3.1.0/portapps.go:214 > Closing Borderless Gaming
Fri, 15 Jul 2022 22:08:39 EEST INF C:/Users/runneradmin/go/pkg/mod/github.com/portapps/portapps/v3@v3.1.0/portapps.go:118 > --------
Fri, 15 Jul 2022 22:08:39 EEST INF C:/Users/runneradmin/go/pkg/mod/github.com/portapps/portapps/v3@v3.1.0/portapps.go:119 > Operating System: Windows 10.0.22000
Fri, 15 Jul 2022 22:08:39 EEST INF C:/Users/runneradmin/go/pkg/mod/github.com/portapps/portapps/v3@v3.1.0/portapps.go:120 > Starting Borderless Gaming 9.5.6-3 (portapps 3.1.0)...
Fri, 15 Jul 2022 22:08:39 EEST INF C:/Users/runneradmin/go/pkg/mod/github.com/portapps/portapps/v3@v3.1.0/portapps.go:121 > Release date: 2021/01/03 02:29:31
Fri, 15 Jul 2022 22:08:39 EEST INF C:/Users/runneradmin/go/pkg/mod/github.com/portapps/portapps/v3@v3.1.0/portapps.go:122 > Publisher: CrazyMax (https://github.com/portapps/borderless-gaming-portable)
Fri, 15 Jul 2022 22:08:39 EEST INF C:/Users/runneradmin/go/pkg/mod/github.com/portapps/portapps/v3@v3.1.0/portapps.go:123 > Root path: D:\Games\LF2\LF2 3.0\--FULLSCREEN
Fri, 15 Jul 2022 22:08:39 EEST INF C:/Users/runneradmin/go/pkg/mod/github.com/portapps/portapps/v3@v3.1.0/portapps.go:127 > Configuration:
common:
  disable_log: false
  args: []
  env: {}
  app_path: ""

Fri, 15 Jul 2022 22:08:39 EEST INF C:/Users/runneradmin/go/pkg/mod/github.com/portapps/portapps/v3@v3.1.0/portapps.go:167 > Process: D:\Games\LF2\LF2 3.0\--FULLSCREEN\app\BorderlessGaming.exe
Fri, 15 Jul 2022 22:08:39 EEST INF C:/Users/runneradmin/go/pkg/mod/github.com/portapps/portapps/v3@v3.1.0/portapps.go:168 > Args (config file): 
Fri, 15 Jul 2022 22:08:39 EEST INF C:/Users/runneradmin/go/pkg/mod/github.com/portapps/portapps/v3@v3.1.0/portapps.go:169 > Args (cmd line): 
Fri, 15 Jul 2022 22:08:39 EEST INF C:/Users/runneradmin/go/pkg/mod/github.com/portapps/portapps/v3@v3.1.0/portapps.go:170 > Args (hardcoded): 
Fri, 15 Jul 2022 22:08:39 EEST INF C:/Users/runneradmin/go/pkg/mod/github.com/portapps/portapps/v3@v3.1.0/portapps.go:171 > Working dir: D:\Games\LF2\LF2 3.0\--FULLSCREEN\app
Fri, 15 Jul 2022 22:08:39 EEST INF C:/Users/runneradmin/go/pkg/mod/github.com/portapps/portapps/v3@v3.1.0/portapps.go:172 > App path: D:\Games\LF2\LF2 3.0\--FULLSCREEN\app
Fri, 15 Jul 2022 22:08:39 EEST INF C:/Users/runneradmin/go/pkg/mod/github.com/portapps/portapps/v3@v3.1.0/portapps.go:173 > Data path: D:\Games\LF2\LF2 3.0\--FULLSCREEN\data
Fri, 15 Jul 2022 22:08:39 EEST INF C:/Users/runneradmin/go/pkg/mod/github.com/portapps/portapps/v3@v3.1.0/portapps.go:174 > Previous path: D:\Games\LF2\LF2 3.0\--FULLSCREEN
Fri, 15 Jul 2022 22:08:39 EEST INF C:/Users/runneradmin/go/pkg/mod/github.com/portapps/portapps/v3@v3.1.0/portapps.go:180 > Launching Borderless Gaming
Fri, 15 Jul 2022 22:08:39 EEST INF C:/Users/runneradmin/go/pkg/mod/github.com/portapps/portapps/v3@v3.1.0/portapps.go:190 > Exec D:\Games\LF2\LF2 3.0\--FULLSCREEN\app\BorderlessGaming.exe 
Fri, 15 Jul 2022 22:09:00 EEST ERR C:/Users/runneradmin/go/pkg/mod/github.com/portapps/portapps/v3@v3.1.0/portapps.go:195 > Command failed error="exit status -1073740771"
Fri, 15 Jul 2022 22:09:00 EEST INF C:/Users/runneradmin/go/pkg/mod/github.com/portapps/portapps/v3@v3.1.0/portapps.go:214 > Closing Borderless Gaming
